Release 14.7 - xst P.20131013 (nt64)
Copyright (c) 1995-2013 Xilinx, Inc.  All rights reserved.
--> Parameter TMPDIR set to xst/projnav.tmp


Total REAL time to Xst completion: 2.00 secs
Total CPU time to Xst completion: 1.91 secs
 
--> Parameter xsthdpdir set to xst


Total REAL time to Xst completion: 2.00 secs
Total CPU time to Xst completion: 1.92 secs
 
--> Reading design: Traffic_top_level.prj

TABLE OF CONTENTS
  1) Synthesis Options Summary
  2) HDL Compilation
  3) Design Hierarchy Analysis
  4) HDL Analysis
  5) HDL Synthesis
     5.1) HDL Synthesis Report
  6) Advanced HDL Synthesis
     6.1) Advanced HDL Synthesis Report
  7) Low Level Synthesis
  8) Partition Report
  9) Final Report

=========================================================================
*                      Synthesis Options Summary                        *
=========================================================================
---- Source Parameters
Input File Name                    : "Traffic_top_level.prj"
Input Format                       : mixed
Ignore Synthesis Constraint File   : NO

---- Target Parameters
Output File Name                   : "Traffic_top_level"
Output Format                      : NGC
Target Device                      : CoolRunner2 CPLDs

---- Source Options
Top Module Name                    : Traffic_top_level
Automatic FSM Extraction           : YES
FSM Encoding Algorithm             : Auto
Safe Implementation                : No
Mux Extraction                     : Yes
Resource Sharing                   : YES

---- Target Options
Add IO Buffers                     : YES
MACRO Preserve                     : YES
XOR Preserve                       : YES
Equivalent register Removal        : YES

---- General Options
Optimization Goal                  : Speed
Optimization Effort                : 1
Keep Hierarchy                     : Yes
Netlist Hierarchy                  : As_Optimized
RTL Output                         : Yes
Hierarchy Separator                : /
Bus Delimiter                      : <>
Case Specifier                     : Maintain
Verilog 2001                       : YES

---- Other Options
Clock Enable                       : YES
wysiwyg                            : NO

=========================================================================


=========================================================================
*                          HDL Compilation                              *
=========================================================================
WARNING:HDLParsers:3607 - Unit work/Traffic_top_level is now defined in a different file.  It was defined in "C:/Users/akmal/Desktop/EEE20001/New folder/Traffic_counter/traffic_top_level.vhd", and is now defined in "C:/Users/100477260/Documents/Digital Electronics Design/TrafficController/Traffic_counter/traffic_top_level.vhd".
WARNING:HDLParsers:3607 - Unit work/Traffic_top_level/Behavioral is now defined in a different file.  It was defined in "C:/Users/akmal/Desktop/EEE20001/New folder/Traffic_counter/traffic_top_level.vhd", and is now defined in "C:/Users/100477260/Documents/Digital Electronics Design/TrafficController/Traffic_counter/traffic_top_level.vhd".
WARNING:HDLParsers:3607 - Unit work/counter_top is now defined in a different file.  It was defined in "C:/Users/akmal/Desktop/EEE20001/New folder/Traffic_counter/counter_top.vhd", and is now defined in "C:/Users/100477260/Documents/Digital Electronics Design/TrafficController/Traffic_counter/counter_top.vhd".
WARNING:HDLParsers:3607 - Unit work/counter_top/beh is now defined in a different file.  It was defined in "C:/Users/akmal/Desktop/EEE20001/New folder/Traffic_counter/counter_top.vhd", and is now defined in "C:/Users/100477260/Documents/Digital Electronics Design/TrafficController/Traffic_counter/counter_top.vhd".
Compiling vhdl file "C:/Users/100477260/Documents/Digital Electronics Design/TrafficController/Traffic_counter/counter_top.vhd" in Library work.
Entity <counter_top> compiled.
Entity <counter_top> (Architecture <beh>) compiled.
Compiling vhdl file "C:/Users/100477260/Documents/Digital Electronics Design/TrafficController/Traffic_counter/traffic_top_level.vhd" in Library work.
Entity <traffic_top_level> compiled.
Entity <traffic_top_level> (Architecture <behavioral>) compiled.

=========================================================================
*                     Design Hierarchy Analysis                         *
=========================================================================
Analyzing hierarchy for entity <Traffic_top_level> in library <work> (architecture <behavioral>).

Analyzing hierarchy for entity <counter_top> in library <work> (architecture <beh>).

Analyzing hierarchy for entity <Traffic_state_machine> in library <work> (architecture <Behavioral>).


=========================================================================
*                            HDL Analysis                               *
=========================================================================
Analyzing Entity <Traffic_top_level> in library <work> (Architecture <behavioral>).
Entity <Traffic_top_level> analyzed. Unit <Traffic_top_level> generated.

Analyzing Entity <counter_top> in library <work> (Architecture <beh>).
Entity <counter_top> analyzed. Unit <counter_top> generated.

Analyzing Entity <Traffic_state_machine> in library <work> (Architecture <Behavioral>).
Entity <Traffic_state_machine> analyzed. Unit <Traffic_state_machine> generated.


=========================================================================
*                           HDL Synthesis                               *
=========================================================================

Performing bidirectional port resolution...

Synthesizing Unit <counter_top>.
    Related source file is "C:/Users/100477260/Documents/Digital Electronics Design/TrafficController/Traffic_counter/counter_top.vhd".
    Found 9-bit up counter for signal <count>.
    Summary:
	inferred   1 Counter(s).
Unit <counter_top> synthesized.


Synthesizing Unit <Traffic_state_machine>.
    Related source file is "C:/Users/akmal/Desktop/EEE20001/New folder/Traffic_controller_lab_work/Top_level_vhdl_traffic_controller.vhd".
    Found finite state machine <FSM_0> for signal <state>.
    -----------------------------------------------------------------------
    | States             | 6                                              |
    | Transitions        | 20                                             |
    | Inputs             | 7                                              |
    | Outputs            | 10                                             |
    | Clock              | Clock                     (rising_edge)        |
    | Reset              | Reset                     (positive)           |
    | Reset type         | asynchronous                                   |
    | Reset State        | ew_green                                       |
    | Power Up State     | ew_green                                       |
    | Encoding           | automatic                                      |
    | Implementation     | automatic                                      |
    -----------------------------------------------------------------------
    Found 1-bit register for signal <pedEW_temp>.
    Found 1-bit register for signal <pedNS_temp>.
    Summary:
	inferred   1 Finite State Machine(s).
	inferred   2 D-type flip-flop(s).
Unit <Traffic_state_machine> synthesized.


Synthesizing Unit <Traffic_top_level>.
    Related source file is "C:/Users/100477260/Documents/Digital Electronics Design/TrafficController/Traffic_counter/traffic_top_level.vhd".
    Found 1-bit register for signal <CarEW_sync>.
    Found 1-bit register for signal <CarNS_sync>.
    Found 1-bit register for signal <PedEW_sync>.
    Found 1-bit register for signal <PedNS_sync>.
    Summary:
	inferred   4 D-type flip-flop(s).
Unit <Traffic_top_level> synthesized.


=========================================================================
HDL Synthesis Report

Macro Statistics
# Counters                                             : 1
 9-bit up counter                                      : 1
# Registers                                            : 6
 1-bit register                                        : 6

=========================================================================

=========================================================================
*                       Advanced HDL Synthesis                          *
=========================================================================

Analyzing FSM <FSM_0> for best encoding.
Optimizing FSM <State_machine/state/FSM> on signal <state[1:6]> with one-hot encoding.
----------------------
 State    | Encoding
----------------------
 ew_green | 000001
 ew_amber | 000010
 nsg      | 010000
 ns_amber | 100000
 ns_walk  | 001000
 ew_walk  | 000100
----------------------

=========================================================================
Advanced HDL Synthesis Report

Macro Statistics
# FSMs                                                 : 1
# Counters                                             : 1
 9-bit up counter                                      : 1
# Registers                                            : 6
 Flip-Flops                                            : 6

=========================================================================

=========================================================================
*                         Low Level Synthesis                           *
=========================================================================

Optimizing unit <Traffic_top_level> ...

Optimizing unit <Traffic_state_machine> ...
  implementation constraint: INIT=r	 : state_FSM_FFd1
  implementation constraint: INIT=r	 : state_FSM_FFd2
  implementation constraint: INIT=r	 : state_FSM_FFd3
  implementation constraint: INIT=r	 : state_FSM_FFd4
  implementation constraint: INIT=r	 : state_FSM_FFd5
  implementation constraint: INIT=s	 : state_FSM_FFd6

Optimizing unit <counter_top> ...
  implementation constraint: INIT=r	 : count_8
  implementation constraint: INIT=r	 : count_7
  implementation constraint: INIT=r	 : count_6
  implementation constraint: INIT=r	 : count_5
  implementation constraint: INIT=r	 : count_4
  implementation constraint: INIT=r	 : count_3
  implementation constraint: INIT=r	 : count_2
  implementation constraint: INIT=r	 : count_1
  implementation constraint: INIT=r	 : count_0

=========================================================================
*                           Partition Report                            *
=========================================================================

Partition Implementation Status
-------------------------------

  No Partitions were found in this design.

-------------------------------

=========================================================================
*                            Final Report                               *
=========================================================================
Final Results
RTL Top Level Output File Name     : Traffic_top_level.ngr
Top Level Output File Name         : Traffic_top_level
Output Format                      : NGC
Optimization Goal                  : Speed
Keep Hierarchy                     : Yes
Target Technology                  : CoolRunner2 CPLDs
Macro Preserve                     : YES
XOR Preserve                       : YES
Clock Enable                       : YES
wysiwyg                            : NO

Design Statistics
# IOs                              : 14

Cell Usage :
# BELS                             : 142
#      AND2                        : 53
#      AND3                        : 5
#      AND4                        : 4
#      GND                         : 1
#      INV                         : 49
#      OR2                         : 21
#      OR3                         : 1
#      XOR2                        : 8
# FlipFlops/Latches                : 21
#      FDC                         : 18
#      FDCE                        : 2
#      FDP                         : 1
# IO Buffers                       : 14
#      IBUF                        : 6
#      OBUF                        : 8
=========================================================================


Total REAL time to Xst completion: 11.00 secs
Total CPU time to Xst completion: 10.47 secs
 
--> 

Total memory usage is 295112 kilobytes

Number of errors   :    0 (   0 filtered)
Number of warnings :    4 (   0 filtered)
Number of infos    :    0 (   0 filtered)

