Release 14.7 - xst P.20131013 (nt)
Copyright (c) 1995-2013 Xilinx, Inc.  All rights reserved.
--> Parameter TMPDIR set to xst/projnav.tmp


Total REAL time to Xst completion: 0.00 secs
Total CPU time to Xst completion: 0.11 secs
 
--> Parameter xsthdpdir set to xst


Total REAL time to Xst completion: 0.00 secs
Total CPU time to Xst completion: 0.11 secs
 
--> Reading design: Traffic_toplevel.prj

TABLE OF CONTENTS
  1) Synthesis Options Summary
  2) HDL Compilation
  3) Design Hierarchy Analysis
  4) HDL Analysis
  5) HDL Synthesis
     5.1) HDL Synthesis Report
  6) Advanced HDL Synthesis
     6.1) Advanced HDL Synthesis Report
  7) Low Level Synthesis
  8) Partition Report
  9) Final Report

=========================================================================
*                      Synthesis Options Summary                        *
=========================================================================
---- Source Parameters
Input File Name                    : "Traffic_toplevel.prj"
Input Format                       : mixed
Ignore Synthesis Constraint File   : NO

---- Target Parameters
Output File Name                   : "Traffic_toplevel"
Output Format                      : NGC
Target Device                      : CoolRunner2 CPLDs

---- Source Options
Top Module Name                    : Traffic_toplevel
Automatic FSM Extraction           : YES
FSM Encoding Algorithm             : Auto
Safe Implementation                : No
Mux Extraction                     : Yes
Resource Sharing                   : YES

---- Target Options
Add IO Buffers                     : YES
MACRO Preserve                     : YES
XOR Preserve                       : YES
Equivalent register Removal        : YES

---- General Options
Optimization Goal                  : Speed
Optimization Effort                : 1
Keep Hierarchy                     : Yes
Netlist Hierarchy                  : As_Optimized
RTL Output                         : Yes
Hierarchy Separator                : /
Bus Delimiter                      : <>
Case Specifier                     : Maintain
Verilog 2001                       : YES

---- Other Options
Clock Enable                       : YES
wysiwyg                            : NO

=========================================================================


=========================================================================
*                          HDL Compilation                              *
=========================================================================
Compiling vhdl file "C:/Users/akmal/Desktop/EEE20001/New folder/Traffic_counter/counter_top.vhd" in Library work.
Architecture beh of Entity counter_top is up to date.
Compiling vhdl file "C:/Users/akmal/Desktop/EEE20001/New folder/Traffic_counter/traffic_top_level.vhd" in Library work.
Entity <Traffic_top_level> compiled.
ERROR:HDLParsers:3010 - "C:/Users/akmal/Desktop/EEE20001/New folder/Traffic_counter/traffic_top_level.vhd" Line 37. Entity Traffic_toplevel does not exist.
ERROR:HDLParsers:3312 - "C:/Users/akmal/Desktop/EEE20001/New folder/Traffic_counter/traffic_top_level.vhd" Line 39. Undefined symbol 'std_logic'.
ERROR:HDLParsers:1209 - "C:/Users/akmal/Desktop/EEE20001/New folder/Traffic_counter/traffic_top_level.vhd" Line 39. std_logic: Undefined symbol (last report in this block)
ERROR:HDLParsers:3312 - "C:/Users/akmal/Desktop/EEE20001/New folder/Traffic_counter/traffic_top_level.vhd" Line 47. Undefined symbol 'debugLed'.
ERROR:HDLParsers:3312 - "C:/Users/akmal/Desktop/EEE20001/New folder/Traffic_counter/traffic_top_level.vhd" Line 47. Undefined symbol 'Reset'.
ERROR:HDLParsers:1209 - "C:/Users/akmal/Desktop/EEE20001/New folder/Traffic_counter/traffic_top_level.vhd" Line 47. Reset: Undefined symbol (last report in this block)
ERROR:HDLParsers:3312 - "C:/Users/akmal/Desktop/EEE20001/New folder/Traffic_counter/traffic_top_level.vhd" Line 50. Undefined symbol 'LEDs'.
ERROR:HDLParsers:3312 - "C:/Users/akmal/Desktop/EEE20001/New folder/Traffic_counter/traffic_top_level.vhd" Line 56. Undefined symbol 'reset'.
ERROR:HDLParsers:1209 - "C:/Users/akmal/Desktop/EEE20001/New folder/Traffic_counter/traffic_top_level.vhd" Line 56. reset: Undefined symbol (last report in this block)
ERROR:HDLParsers:3313 - "C:/Users/akmal/Desktop/EEE20001/New folder/Traffic_counter/traffic_top_level.vhd" Line 57. Undefined symbol 'clock'.  Should it be: block?
ERROR:HDLParsers:1209 - "C:/Users/akmal/Desktop/EEE20001/New folder/Traffic_counter/traffic_top_level.vhd" Line 57. clock: Undefined symbol (last report in this block)
ERROR:HDLParsers:3312 - "C:/Users/akmal/Desktop/EEE20001/New folder/Traffic_counter/traffic_top_level.vhd" Line 58. Undefined symbol 'clear'.
ERROR:HDLParsers:1209 - "C:/Users/akmal/Desktop/EEE20001/New folder/Traffic_counter/traffic_top_level.vhd" Line 58. clear: Undefined symbol (last report in this block)
ERROR:HDLParsers:3312 - "C:/Users/akmal/Desktop/EEE20001/New folder/Traffic_counter/traffic_top_level.vhd" Line 59. Undefined symbol 'car_time'.
ERROR:HDLParsers:1209 - "C:/Users/akmal/Desktop/EEE20001/New folder/Traffic_counter/traffic_top_level.vhd" Line 59. car_time: Undefined symbol (last report in this block)
ERROR:HDLParsers:3312 - "C:/Users/akmal/Desktop/EEE20001/New folder/Traffic_counter/traffic_top_level.vhd" Line 60. Undefined symbol 'ped_time'.
ERROR:HDLParsers:1209 - "C:/Users/akmal/Desktop/EEE20001/New folder/Traffic_counter/traffic_top_level.vhd" Line 60. ped_time: Undefined symbol (last report in this block)
ERROR:HDLParsers:3312 - "C:/Users/akmal/Desktop/EEE20001/New folder/Traffic_counter/traffic_top_level.vhd" Line 62. Undefined symbol 'amber_time'.
ERROR:HDLParsers:1209 - "C:/Users/akmal/Desktop/EEE20001/New folder/Traffic_counter/traffic_top_level.vhd" Line 62. amber_time: Undefined symbol (last report in this block)
ERROR:HDLParsers:3324 - "C:/Users/akmal/Desktop/EEE20001/New folder/Traffic_counter/traffic_top_level.vhd" Line 53. IN mode Formal reset of entity with no default value must be associated with an actual value.
ERROR:HDLParsers:709 - "C:/Users/akmal/Desktop/EEE20001/New folder/Traffic_counter/traffic_top_level.vhd" Line 65. Traffic is not an entity name
ERROR:HDLParsers:3313 - "C:/Users/akmal/Desktop/EEE20001/New folder/Traffic_counter/traffic_top_level.vhd" Line 69. Undefined symbol 'Clock'.  Should it be: block?
ERROR:HDLParsers:1209 - "C:/Users/akmal/Desktop/EEE20001/New folder/Traffic_counter/traffic_top_level.vhd" Line 69. Clock: Undefined symbol (last report in this block)
ERROR:HDLParsers:3312 - "C:/Users/akmal/Desktop/EEE20001/New folder/Traffic_counter/traffic_top_level.vhd" Line 72. Undefined symbol 'debugLED'.
ERROR:HDLParsers:1209 - "C:/Users/akmal/Desktop/EEE20001/New folder/Traffic_counter/traffic_top_level.vhd" Line 72. debugLED: Undefined symbol (last report in this block)
ERROR:HDLParsers:1209 - "C:/Users/akmal/Desktop/EEE20001/New folder/Traffic_counter/traffic_top_level.vhd" Line 73. LEDs: Undefined symbol (last report in this block)
ERROR:HDLParsers:3312 - "C:/Users/akmal/Desktop/EEE20001/New folder/Traffic_counter/traffic_top_level.vhd" Line 76. Undefined symbol 'CarEW'.
ERROR:HDLParsers:1209 - "C:/Users/akmal/Desktop/EEE20001/New folder/Traffic_counter/traffic_top_level.vhd" Line 76. CarEW: Undefined symbol (last report in this block)
ERROR:HDLParsers:3312 - "C:/Users/akmal/Desktop/EEE20001/New folder/Traffic_counter/traffic_top_level.vhd" Line 77. Undefined symbol 'CarNS'.
ERROR:HDLParsers:1209 - "C:/Users/akmal/Desktop/EEE20001/New folder/Traffic_counter/traffic_top_level.vhd" Line 77. CarNS: Undefined symbol (last report in this block)
ERROR:HDLParsers:3312 - "C:/Users/akmal/Desktop/EEE20001/New folder/Traffic_counter/traffic_top_level.vhd" Line 78. Undefined symbol 'PedEW'.
ERROR:HDLParsers:1209 - "C:/Users/akmal/Desktop/EEE20001/New folder/Traffic_counter/traffic_top_level.vhd" Line 78. PedEW: Undefined symbol (last report in this block)
ERROR:HDLParsers:3312 - "C:/Users/akmal/Desktop/EEE20001/New folder/Traffic_counter/traffic_top_level.vhd" Line 79. Undefined symbol 'PedNS'.
ERROR:HDLParsers:1209 - "C:/Users/akmal/Desktop/EEE20001/New folder/Traffic_counter/traffic_top_level.vhd" Line 79. PedNS: Undefined symbol (last report in this block)
ERROR:HDLParsers:3312 - "C:/Users/akmal/Desktop/EEE20001/New folder/Traffic_counter/traffic_top_level.vhd" Line 82. Undefined symbol 'LightsEW'.
ERROR:HDLParsers:1209 - "C:/Users/akmal/Desktop/EEE20001/New folder/Traffic_counter/traffic_top_level.vhd" Line 82. LightsEW: Undefined symbol (last report in this block)
ERROR:HDLParsers:3312 - "C:/Users/akmal/Desktop/EEE20001/New folder/Traffic_counter/traffic_top_level.vhd" Line 84. Undefined symbol 'LightsNS'.
ERROR:HDLParsers:1209 - "C:/Users/akmal/Desktop/EEE20001/New folder/Traffic_counter/traffic_top_level.vhd" Line 84. LightsNS: Undefined symbol (last report in this block)
--> 

Total memory usage is 225460 kilobytes

Number of errors   :   38 (   0 filtered)
Number of warnings :    0 (   0 filtered)
Number of infos    :    0 (   0 filtered)

