Release 14.7 - xst P.20131013 (nt64)
Copyright (c) 1995-2013 Xilinx, Inc.  All rights reserved.
--> Parameter TMPDIR set to xst/projnav.tmp


Total REAL time to Xst completion: 0.00 secs
Total CPU time to Xst completion: 0.19 secs
 
--> Parameter xsthdpdir set to xst


Total REAL time to Xst completion: 0.00 secs
Total CPU time to Xst completion: 0.20 secs
 
--> Reading design: Traffic.prj

TABLE OF CONTENTS
  1) Synthesis Options Summary
  2) HDL Compilation
  3) Design Hierarchy Analysis
  4) HDL Analysis
  5) HDL Synthesis
     5.1) HDL Synthesis Report
  6) Advanced HDL Synthesis
     6.1) Advanced HDL Synthesis Report
  7) Low Level Synthesis
  8) Partition Report
  9) Final Report
	9.1) Device utilization summary
	9.2) Partition Resource Summary
	9.3) TIMING REPORT


=========================================================================
*                      Synthesis Options Summary                        *
=========================================================================
---- Source Parameters
Input File Name                    : "Traffic.prj"
Input Format                       : mixed
Ignore Synthesis Constraint File   : NO

---- Target Parameters
Output File Name                   : "Traffic"
Output Format                      : NGC
Target Device                      : xc3s50-5-pq208

---- Source Options
Top Module Name                    : Traffic
Automatic FSM Extraction           : YES
FSM Encoding Algorithm             : Auto
Safe Implementation                : No
FSM Style                          : LUT
RAM Extraction                     : Yes
RAM Style                          : Auto
ROM Extraction                     : Yes
Mux Style                          : Auto
Decoder Extraction                 : YES
Priority Encoder Extraction        : Yes
Shift Register Extraction          : YES
Logical Shifter Extraction         : YES
XOR Collapsing                     : YES
ROM Style                          : Auto
Mux Extraction                     : Yes
Resource Sharing                   : YES
Asynchronous To Synchronous        : NO
Multiplier Style                   : Auto
Automatic Register Balancing       : No

---- Target Options
Add IO Buffers                     : YES
Global Maximum Fanout              : 100000
Add Generic Clock Buffer(BUFG)     : 8
Register Duplication               : YES
Slice Packing                      : YES
Optimize Instantiated Primitives   : NO
Use Clock Enable                   : Yes
Use Synchronous Set                : Yes
Use Synchronous Reset              : Yes
Pack IO Registers into IOBs        : Auto
Equivalent register Removal        : YES

---- General Options
Optimization Goal                  : Speed
Optimization Effort                : 1
Keep Hierarchy                     : No
Netlist Hierarchy                  : As_Optimized
RTL Output                         : Yes
Global Optimization                : AllClockNets
Read Cores                         : YES
Write Timing Constraints           : NO
Cross Clock Analysis               : NO
Hierarchy Separator                : /
Bus Delimiter                      : <>
Case Specifier                     : Maintain
Slice Utilization Ratio            : 100
BRAM Utilization Ratio             : 100
Verilog 2001                       : YES
Auto BRAM Packing                  : NO
Slice Utilization Ratio Delta      : 5

=========================================================================


=========================================================================
*                          HDL Compilation                              *
=========================================================================
Compiling vhdl file "C:/trrafic_light/Conter_top.vhd" in Library work.
Entity <counter_top> compiled.
Entity <counter_top> (Architecture <beh>) compiled.
Compiling vhdl file "C:/trrafic_light/SM.vhd" in Library work.
Entity <traffic_state_machine> compiled.
Entity <traffic_state_machine> (Architecture <behavioral>) compiled.
Compiling vhdl file "C:/trrafic_light/Traffic_state_machine.vhd" in Library work.
Entity <traffic> compiled.
Entity <traffic> (Architecture <behavioral>) compiled.

=========================================================================
*                     Design Hierarchy Analysis                         *
=========================================================================
Analyzing hierarchy for entity <Traffic> in library <work> (architecture <behavioral>).

Analyzing hierarchy for entity <counter_top> in library <work> (architecture <beh>).

Analyzing hierarchy for entity <Traffic_state_machine> in library <work> (architecture <Behavioral>).


=========================================================================
*                            HDL Analysis                               *
=========================================================================
Analyzing Entity <Traffic> in library <work> (Architecture <behavioral>).
Entity <Traffic> analyzed. Unit <Traffic> generated.

Analyzing Entity <counter_top> in library <work> (Architecture <beh>).
Entity <counter_top> analyzed. Unit <counter_top> generated.

Analyzing Entity <Traffic_state_machine> in library <work> (Architecture <Behavioral>).
Entity <Traffic_state_machine> analyzed. Unit <Traffic_state_machine> generated.


=========================================================================
*                           HDL Synthesis                               *
=========================================================================

Performing bidirectional port resolution...

Synthesizing Unit <counter_top>.
    Related source file is "C:/trrafic_light/Conter_top.vhd".
    Found 7-bit up counter for signal <count>.
    Summary:
	inferred   1 Counter(s).
Unit <counter_top> synthesized.


Synthesizing Unit <Traffic_state_machine>.
    Related source file is "C:/trrafic_light/SM.vhd".
    Found finite state machine <FSM_0> for signal <state>.
    -----------------------------------------------------------------------
    | States             | 6                                              |
    | Transitions        | 15                                             |
    | Inputs             | 6                                              |
    | Outputs            | 13                                             |
    | Clock              | Clock                     (rising_edge)        |
    | Reset              | Reset                     (positive)           |
    | Reset type         | asynchronous                                   |
    | Reset State        | ew_green                                       |
    | Power Up State     | ew_green                                       |
    | Encoding           | automatic                                      |
    | Implementation     | LUT                                            |
    -----------------------------------------------------------------------
    Found 1-bit register for signal <pedEW_temp>.
    Found 1-bit register for signal <pedNS_temp>.
    Summary:
	inferred   1 Finite State Machine(s).
	inferred   2 D-type flip-flop(s).
Unit <Traffic_state_machine> synthesized.


Synthesizing Unit <Traffic>.
    Related source file is "C:/trrafic_light/Traffic_state_machine.vhd".
    Found 1-bit register for signal <CarNS_sync>.
    Found 1-bit register for signal <PedEW_sync>.
    Found 1-bit register for signal <PedNS_sync>.
    Summary:
	inferred   3 D-type flip-flop(s).
Unit <Traffic> synthesized.


=========================================================================
HDL Synthesis Report

Macro Statistics
# Counters                                             : 1
 7-bit up counter                                      : 1
# Registers                                            : 5
 1-bit register                                        : 5

=========================================================================

=========================================================================
*                       Advanced HDL Synthesis                          *
=========================================================================

Analyzing FSM <FSM_0> for best encoding.
Optimizing FSM <State_machine/state/FSM> on signal <state[1:6]> with one-hot encoding.
----------------------
 State    | Encoding
----------------------
 ew_green | 000001
 ew_amber | 000010
 ns_green | 010000
 ns_amber | 100000
 ns_walk  | 001000
 ew_walk  | 000100
----------------------

=========================================================================
Advanced HDL Synthesis Report

Macro Statistics
# FSMs                                                 : 1
# Counters                                             : 1
 7-bit up counter                                      : 1
# Registers                                            : 5
 Flip-Flops                                            : 5

=========================================================================

=========================================================================
*                         Low Level Synthesis                           *
=========================================================================

Optimizing unit <Traffic> ...

Optimizing unit <Traffic_state_machine> ...

Mapping all equations...
Building and optimizing final netlist ...
Found area constraint ratio of 100 (+ 5) on block Traffic, actual ratio is 2.

Final Macro Processing ...

=========================================================================
Final Register Report

Macro Statistics
# Registers                                            : 18
 Flip-Flops                                            : 18

=========================================================================

=========================================================================
*                           Partition Report                            *
=========================================================================

Partition Implementation Status
-------------------------------

  No Partitions were found in this design.

-------------------------------

=========================================================================
*                            Final Report                               *
=========================================================================
Final Results
RTL Top Level Output File Name     : Traffic.ngr
Top Level Output File Name         : Traffic
Output Format                      : NGC
Optimization Goal                  : Speed
Keep Hierarchy                     : No

Design Statistics
# IOs                              : 16

Cell Usage :
# BELS                             : 48
#      LUT2                        : 10
#      LUT2_L                      : 1
#      LUT3                        : 4
#      LUT3_D                      : 2
#      LUT3_L                      : 2
#      LUT4                        : 18
#      LUT4_D                      : 1
#      LUT4_L                      : 3
#      MUXF5                       : 6
#      VCC                         : 1
# FlipFlops/Latches                : 18
#      FDC                         : 12
#      FDCE                        : 5
#      FDP                         : 1
# Clock Buffers                    : 1
#      BUFGP                       : 1
# IO Buffers                       : 15
#      IBUF                        : 4
#      OBUF                        : 11
=========================================================================

Device utilization summary:
---------------------------

Selected Device : 3s50pq208-5 

 Number of Slices:                       22  out of    768     2%  
 Number of Slice Flip Flops:             18  out of   1536     1%  
 Number of 4 input LUTs:                 41  out of   1536     2%  
 Number of IOs:                          16
 Number of bonded IOBs:                  16  out of    124    12%  
 Number of GCLKs:                         1  out of      8    12%  

---------------------------
Partition Resource Summary:
---------------------------

  No Partitions were found in this design.

---------------------------


=========================================================================
TIMING REPORT

NOTE: THESE TIMING NUMBERS ARE ONLY A SYNTHESIS ESTIMATE.
      FOR ACCURATE TIMING INFORMATION PLEASE REFER TO THE TRACE REPORT
      GENERATED AFTER PLACE-and-ROUTE.

Clock Information:
------------------
-----------------------------------+------------------------+-------+
Clock Signal                       | Clock buffer(FF name)  | Load  |
-----------------------------------+------------------------+-------+
Clock                              | BUFGP                  | 18    |
-----------------------------------+------------------------+-------+

Asynchronous Control Signals Information:
----------------------------------------
-----------------------------------+------------------------+-------+
Control Signal                     | Buffer(FF name)        | Load  |
-----------------------------------+------------------------+-------+
Reset                              | IBUF                   | 18    |
-----------------------------------+------------------------+-------+

Timing Summary:
---------------
Speed Grade: -5

   Minimum period: 5.141ns (Maximum Frequency: 194.532MHz)
   Minimum input arrival time before clock: 1.572ns
   Maximum output required time after clock: 11.979ns
   Maximum combinational path delay: 6.856ns

Timing Detail:
--------------
All values displayed in nanoseconds (ns)

=========================================================================
Timing constraint: Default period analysis for Clock 'Clock'
  Clock period: 5.141ns (frequency: 194.532MHz)
  Total number of paths / destination ports: 202 / 20
-------------------------------------------------------------------------
Delay:               5.141ns (Levels of Logic = 4)
  Source:            theCounter/count_2 (FF)
  Destination:       theCounter/count_6 (FF)
  Source Clock:      Clock rising
  Destination Clock: Clock rising

  Data Path: theCounter/count_2 to theCounter/count_6
                                Gate     Net
    Cell:in->out      fanout   Delay   Delay  Logical Name (Net Name)
    ----------------------------------------  ------------
     FDC:C->Q              5   0.626   1.078  theCounter/count_2 (theCounter/count_2)
     LUT3_D:I0->O          5   0.479   0.806  theCounter/Mcount_count_eqn_321 (N01)
     LUT4:I3->O            1   0.479   0.704  State_machine/Clear_SW10_F (N46)
     LUT4:I3->O            1   0.479   0.000  theCounter/Mcount_count_eqn_6_G (N55)
     MUXF5:I1->O           1   0.314   0.000  theCounter/Mcount_count_eqn_6 (theCounter/Mcount_count_eqn_6)
     FDC:D                     0.176          theCounter/count_6
    ----------------------------------------
    Total                      5.141ns (2.553ns logic, 2.588ns route)
                                       (49.7% logic, 50.3% route)

=========================================================================
Timing constraint: Default OFFSET IN BEFORE for Clock 'Clock'
  Total number of paths / destination ports: 3 / 3
-------------------------------------------------------------------------
Offset:              1.572ns (Levels of Logic = 1)
  Source:            PedEW (PAD)
  Destination:       PedEW_sync (FF)
  Destination Clock: Clock rising

  Data Path: PedEW to PedEW_sync
                                Gate     Net
    Cell:in->out      fanout   Delay   Delay  Logical Name (Net Name)
    ----------------------------------------  ------------
     IBUF:I->O             1   0.715   0.681  PedEW_IBUF (PedEW_IBUF)
     FDC:D                     0.176          PedEW_sync
    ----------------------------------------
    Total                      1.572ns (0.891ns logic, 0.681ns route)
                                       (56.7% logic, 43.3% route)

=========================================================================
Timing constraint: Default OFFSET OUT AFTER for Clock 'Clock'
  Total number of paths / destination ports: 93 / 10
-------------------------------------------------------------------------
Offset:              11.979ns (Levels of Logic = 6)
  Source:            theCounter/count_2 (FF)
  Destination:       LEDs<0> (PAD)
  Source Clock:      Clock rising

  Data Path: theCounter/count_2 to LEDs<0>
                                Gate     Net
    Cell:in->out      fanout   Delay   Delay  Logical Name (Net Name)
    ----------------------------------------  ------------
     FDC:C->Q              5   0.626   1.078  theCounter/count_2 (theCounter/count_2)
     LUT4_L:I0->LO         1   0.479   0.123  theCounter/car_time_cmp_eq0000_SW0 (N20)
     LUT4:I3->O           19   0.479   1.527  theCounter/car_time_cmp_eq0000 (debugLED_1_OBUF)
     LUT4:I0->O            2   0.479   0.804  State_machine/state_FSM_FFd2-In1 (State_machine/state_FSM_FFd2-In)
     LUT4:I2->O            1   0.479   0.000  State_machine/state_FSM_Out1211 (State_machine/state_FSM_Out121)
     MUXF5:I0->O           1   0.314   0.681  State_machine/state_FSM_Out121_f5 (LEDs_0_OBUF)
     OBUF:I->O                 4.909          LEDs_0_OBUF (LEDs<0>)
    ----------------------------------------
    Total                     11.979ns (7.765ns logic, 4.214ns route)
                                       (64.8% logic, 35.2% route)

=========================================================================
Timing constraint: Default path analysis
  Total number of paths / destination ports: 1 / 1
-------------------------------------------------------------------------
Delay:               6.856ns (Levels of Logic = 2)
  Source:            Reset (PAD)
  Destination:       debugLED<0> (PAD)

  Data Path: Reset to debugLED<0>
                                Gate     Net
    Cell:in->out      fanout   Delay   Delay  Logical Name (Net Name)
    ----------------------------------------  ------------
     IBUF:I->O            19   0.715   1.233  Reset_IBUF (debugLED_0_OBUF)
     OBUF:I->O                 4.909          debugLED_0_OBUF (debugLED<0>)
    ----------------------------------------
    Total                      6.856ns (5.624ns logic, 1.233ns route)
                                       (82.0% logic, 18.0% route)

=========================================================================


Total REAL time to Xst completion: 6.00 secs
Total CPU time to Xst completion: 6.78 secs
 
--> 

Total memory usage is 256816 kilobytes

Number of errors   :    0 (   0 filtered)
Number of warnings :    0 (   0 filtered)
Number of infos    :    0 (   0 filtered)

